<?xml version="1.0" encoding="UTF-8"?>
<testsuite name="com.bridgelabz.stateCensusAnalyser.StateCensusAnalyserTest" tests="5" skipped="0" failures="0" errors="0" timestamp="2019-12-03T12:22:48" hostname="mohit-Inspiron-15-3567" time="0.353">
  <properties/>
  <testcase name="readFile_IfCorrect_ReturnHappy" classname="com.bridgelabz.stateCensusAnalyser.StateCensusAnalyserTest" time="0.222"/>
  <testcase name="readFile_IfDelimiterIncorrect_ReturnException" classname="com.bridgelabz.stateCensusAnalyser.StateCensusAnalyserTest" time="0.062"/>
  <testcase name="readFile_IfCSVHeaderIncorrect_ReturnException" classname="com.bridgelabz.stateCensusAnalyser.StateCensusAnalyserTest" time="0.029"/>
  <testcase name="readFile_IfFileNameIncorrect_ReturnException" classname="com.bridgelabz.stateCensusAnalyser.StateCensusAnalyserTest" time="0.036"/>
  <testcase name="readFile_IfFileTypeIncorrect_ReturnException" classname="com.bridgelabz.stateCensusAnalyser.StateCensusAnalyserTest" time="0.001"/>
  <system-out><![CDATA[]]></system-out>
  <system-err><![CDATA[]]></system-err>
</testsuite>
