<?xml version="1.0" encoding="UTF-8"?>
<testsuite name="com.bridgelabz.stateCensusAnalyser.StateCensusAnalyserTest" tests="1" skipped="1" failures="0" errors="0" timestamp="2019-12-04T11:58:13" hostname="mohit-Inspiron-15-3567" time="2244.545">
  <properties/>
  <testcase name="readFile_IfCorrect_ReturnHappy" classname="com.bridgelabz.stateCensusAnalyser.StateCensusAnalyserTest" time="2244.545">
    <skipped/>
  </testcase>
  <system-out><![CDATA[]]></system-out>
  <system-err><![CDATA[]]></system-err>
</testsuite>
